<?xml version="1.0" encoding="UTF-8"?>
<testsuite name="Cab"
           tests="3"
           failures="1"
           errors="0"
           skipped="2"
           time="-1630093621.930">
  <properties />
            <testcase name="setup" time="21.471" classname="com.CN.testcases.Cab">
                <failure type="org.openqa.selenium.WebDriverException"
                  message="Timed out waiting for driver server to start.
Build info: version: &apos;3.8.1&apos;, revision: &apos;6e95a6684b&apos;, time: &apos;2017-12-01T18:33:54.468Z&apos;
System info: host: &apos;DESKTOP-4IBV3FS&apos;, ip: &apos;192.168.1.11&apos;, os.name: &apos;Windows 10&apos;, os.arch: &apos;amd64&apos;, os.version: &apos;10.0&apos;, java.version: &apos;1.8.0_152&apos;
Driver info: driver.version: ChromeDriver"
              >
<![CDATA[org.openqa.selenium.WebDriverException: Timed out waiting for driver server to start.
Build info: version: '3.8.1', revision: '6e95a6684b', time: '2017-12-01T18:33:54.468Z'
System info: host: 'DESKTOP-4IBV3FS', ip: '192.168.1.11', os.name: 'Windows 10', os.arch: 'amd64', os.version: '10.0', java.version: '1.8.0_152'
Driver info: driver.version: ChromeDriver
  org.openqa.selenium.remote.service.DriverService.waitUntilAvailable(DriverService.java:192)
  org.openqa.selenium.remote.service.DriverService.start(DriverService.java:178)
  org.openqa.selenium.remote.service.DriverCommandExecutor.execute(DriverCommandExecutor.java:79)
  org.openqa.selenium.remote.RemoteWebDriver.execute(RemoteWebDriver.java:601)
  org.openqa.selenium.remote.RemoteWebDriver.startSession(RemoteWebDriver.java:219)
  org.openqa.selenium.remote.RemoteWebDriver.<init>(RemoteWebDriver.java:142)
  org.openqa.selenium.chrome.ChromeDriver.<init>(ChromeDriver.java:181)
  org.openqa.selenium.chrome.ChromeDriver.<init>(ChromeDriver.java:168)
  org.openqa.selenium.chrome.ChromeDriver.<init>(ChromeDriver.java:157)
  com.CN.Base.TestBase.setup(TestBase.java:88)
  sun.reflect.NativeMethodAccessorImpl.invoke0(Native Method)
  sun.reflect.NativeMethodAccessorImpl.invoke(NativeMethodAccessorImpl.java:62)
  sun.reflect.DelegatingMethodAccessorImpl.invoke(DelegatingMethodAccessorImpl.java:43)
  java.lang.reflect.Method.invoke(Method.java:498)
  org.testng.internal.MethodInvocationHelper.invokeMethod(MethodInvocationHelper.java:133)
  org.testng.internal.MethodInvocationHelper.invokeMethodConsideringTimeout(MethodInvocationHelper.java:62)
  org.testng.internal.ConfigInvoker.invokeConfigurationMethod(ConfigInvoker.java:385)
  org.testng.internal.ConfigInvoker.invokeConfigurations(ConfigInvoker.java:321)
  org.testng.SuiteRunner.privateRun(SuiteRunner.java:317)
  org.testng.SuiteRunner.run(SuiteRunner.java:276)
  org.testng.SuiteRunnerWorker.runSuite(SuiteRunnerWorker.java:53)
  org.testng.SuiteRunnerWorker.run(SuiteRunnerWorker.java:96)
  org.testng.TestNG.runSuitesSequentially(TestNG.java:1212)
  org.testng.TestNG.runSuitesLocally(TestNG.java:1134)
  org.testng.TestNG.runSuites(TestNG.java:1063)
  org.testng.TestNG.run(TestNG.java:1031)
  org.apache.maven.surefire.testng.TestNGExecutor.run(TestNGExecutor.java:283)
  org.apache.maven.surefire.testng.TestNGXmlTestSuite.execute(TestNGXmlTestSuite.java:75)
  org.apache.maven.surefire.testng.TestNGProvider.invoke(TestNGProvider.java:120)
  org.apache.maven.surefire.booter.ForkedBooter.runSuitesInProcess(ForkedBooter.java:377)
  org.apache.maven.surefire.booter.ForkedBooter.execute(ForkedBooter.java:138)
  org.apache.maven.surefire.booter.ForkedBooter.run(ForkedBooter.java:465)
  org.apache.maven.surefire.booter.ForkedBooter.main(ForkedBooter.java:451)
Caused by: org.openqa.selenium.net.UrlChecker$TimeoutException: Timed out waiting for [http://localhost:27804/status] to be available after 20002 ms
  org.openqa.selenium.net.UrlChecker.waitUntilAvailable(UrlChecker.java:100)
  org.openqa.selenium.remote.service.DriverService.waitUntilAvailable(DriverService.java:187)
  org.openqa.selenium.remote.service.DriverService.start(DriverService.java:178)
  org.openqa.selenium.remote.service.DriverCommandExecutor.execute(DriverCommandExecutor.java:79)
  org.openqa.selenium.remote.RemoteWebDriver.execute(RemoteWebDriver.java:601)
  org.openqa.selenium.remote.RemoteWebDriver.startSession(RemoteWebDriver.java:219)
  org.openqa.selenium.remote.RemoteWebDriver.<init>(RemoteWebDriver.java:142)
  org.openqa.selenium.chrome.ChromeDriver.<init>(ChromeDriver.java:181)
  org.openqa.selenium.chrome.ChromeDriver.<init>(ChromeDriver.java:168)
  org.openqa.selenium.chrome.ChromeDriver.<init>(ChromeDriver.java:157)
  com.CN.Base.TestBase.setup(TestBase.java:88)
  sun.reflect.NativeMethodAccessorImpl.invoke0(Native Method)
  sun.reflect.NativeMethodAccessorImpl.invoke(NativeMethodAccessorImpl.java:62)
  sun.reflect.DelegatingMethodAccessorImpl.invoke(DelegatingMethodAccessorImpl.java:43)
  java.lang.reflect.Method.invoke(Method.java:498)
  org.testng.internal.MethodInvocationHelper.invokeMethod(MethodInvocationHelper.java:133)
  org.testng.internal.MethodInvocationHelper.invokeMethodConsideringTimeout(MethodInvocationHelper.java:62)
  org.testng.internal.ConfigInvoker.invokeConfigurationMethod(ConfigInvoker.java:385)
  org.testng.internal.ConfigInvoker.invokeConfigurations(ConfigInvoker.java:321)
  org.testng.SuiteRunner.privateRun(SuiteRunner.java:317)
  org.testng.SuiteRunner.run(SuiteRunner.java:276)
  org.testng.SuiteRunnerWorker.runSuite(SuiteRunnerWorker.java:53)
  org.testng.SuiteRunnerWorker.run(SuiteRunnerWorker.java:96)
  org.testng.TestNG.runSuitesSequentially(TestNG.java:1212)
  org.testng.TestNG.runSuitesLocally(TestNG.java:1134)
  org.testng.TestNG.runSuites(TestNG.java:1063)
  org.testng.TestNG.run(TestNG.java:1031)
  org.apache.maven.surefire.testng.TestNGExecutor.run(TestNGExecutor.java:283)
  org.apache.maven.surefire.testng.TestNGXmlTestSuite.execute(TestNGXmlTestSuite.java:75)
  org.apache.maven.surefire.testng.TestNGProvider.invoke(TestNGProvider.java:120)
  org.apache.maven.surefire.booter.ForkedBooter.runSuitesInProcess(ForkedBooter.java:377)
  org.apache.maven.surefire.booter.ForkedBooter.execute(ForkedBooter.java:138)
  org.apache.maven.surefire.booter.ForkedBooter.run(ForkedBooter.java:465)
  org.apache.maven.surefire.booter.ForkedBooter.main(ForkedBooter.java:451)
Caused by: java.util.concurrent.TimeoutException
  java.util.concurrent.FutureTask.get(FutureTask.java:205)
  com.google.common.util.concurrent.SimpleTimeLimiter.callWithTimeout(SimpleTimeLimiter.java:155)
  org.openqa.selenium.net.UrlChecker.waitUntilAvailable(UrlChecker.java:75)
  org.openqa.selenium.remote.service.DriverService.waitUntilAvailable(DriverService.java:187)
  org.openqa.selenium.remote.service.DriverService.start(DriverService.java:178)
  org.openqa.selenium.remote.service.DriverCommandExecutor.execute(DriverCommandExecutor.java:79)
  org.openqa.selenium.remote.RemoteWebDriver.execute(RemoteWebDriver.java:601)
  org.openqa.selenium.remote.RemoteWebDriver.startSession(RemoteWebDriver.java:219)
  org.openqa.selenium.remote.RemoteWebDriver.<init>(RemoteWebDriver.java:142)
  org.openqa.selenium.chrome.ChromeDriver.<init>(ChromeDriver.java:181)
  org.openqa.selenium.chrome.ChromeDriver.<init>(ChromeDriver.java:168)
  org.openqa.selenium.chrome.ChromeDriver.<init>(ChromeDriver.java:157)
  com.CN.Base.TestBase.setup(TestBase.java:88)
  sun.reflect.NativeMethodAccessorImpl.invoke0(Native Method)
  sun.reflect.NativeMethodAccessorImpl.invoke(NativeMethodAccessorImpl.java:62)
  sun.reflect.DelegatingMethodAccessorImpl.invoke(DelegatingMethodAccessorImpl.java:43)
  java.lang.reflect.Method.invoke(Method.java:498)
  org.testng.internal.MethodInvocationHelper.invokeMethod(MethodInvocationHelper.java:133)
  org.testng.internal.MethodInvocationHelper.invokeMethodConsideringTimeout(MethodInvocationHelper.java:62)
  org.testng.internal.ConfigInvoker.invokeConfigurationMethod(ConfigInvoker.java:385)
  org.testng.internal.ConfigInvoker.invokeConfigurations(ConfigInvoker.java:321)
  org.testng.SuiteRunner.privateRun(SuiteRunner.java:317)
  org.testng.SuiteRunner.run(SuiteRunner.java:276)
  org.testng.SuiteRunnerWorker.runSuite(SuiteRunnerWorker.java:53)
  org.testng.SuiteRunnerWorker.run(SuiteRunnerWorker.java:96)
  org.testng.TestNG.runSuitesSequentially(TestNG.java:1212)
  org.testng.TestNG.runSuitesLocally(TestNG.java:1134)
  org.testng.TestNG.runSuites(TestNG.java:1063)
  org.testng.TestNG.run(TestNG.java:1031)
  org.apache.maven.surefire.testng.TestNGExecutor.run(TestNGExecutor.java:283)
  org.apache.maven.surefire.testng.TestNGXmlTestSuite.execute(TestNGXmlTestSuite.java:75)
  org.apache.maven.surefire.testng.TestNGProvider.invoke(TestNGProvider.java:120)
  org.apache.maven.surefire.booter.ForkedBooter.runSuitesInProcess(ForkedBooter.java:377)
  org.apache.maven.surefire.booter.ForkedBooter.execute(ForkedBooter.java:138)
  org.apache.maven.surefire.booter.ForkedBooter.run(ForkedBooter.java:465)
  org.apache.maven.surefire.booter.ForkedBooter.main(ForkedBooter.java:451)
]]>
      </failure>

          </testcase>
  
            <testcase name="tearup" time="0.0" classname="com.CN.testcases.Cab">
          <skipped />
    </testcase>
            <testcase name="cab" time="0.0" classname="com.CN.testcases.Cab">
          <skipped />
    </testcase>
  
  
</testsuite>
